[35m[1mConsolidate compiler generated dependencies of target cordinate_converter[0m
[100%] Built target cordinate_converter
-- Install configuration: ""
-- Up-to-date: /home/rcv/object_detection/cordinate/install/cordinate/lib/cordinate/cordinate_converter
-- Up-to-date: /home/rcv/object_detection/cordinate/install/cordinate/share/cordinate/config
-- Up-to-date: /home/rcv/object_detection/cordinate/install/cordinate/share/cordinate/config/config.yaml
-- Up-to-date: /home/rcv/object_detection/cordinate/install/cordinate/share/ament_index/resource_index/package_run_dependencies/cordinate
-- Up-to-date: /home/rcv/object_detection/cordinate/install/cordinate/share/ament_index/resource_index/parent_prefix_path/cordinate
-- Up-to-date: /home/rcv/object_detection/cordinate/install/cordinate/share/cordinate/environment/ament_prefix_path.sh
-- Up-to-date: /home/rcv/object_detection/cordinate/install/cordinate/share/cordinate/environment/ament_prefix_path.dsv
-- Up-to-date: /home/rcv/object_detection/cordinate/install/cordinate/share/cordinate/environment/path.sh
-- Up-to-date: /home/rcv/object_detection/cordinate/install/cordinate/share/cordinate/environment/path.dsv
-- Up-to-date: /home/rcv/object_detection/cordinate/install/cordinate/share/cordinate/local_setup.bash
-- Up-to-date: /home/rcv/object_detection/cordinate/install/cordinate/share/cordinate/local_setup.sh
-- Up-to-date: /home/rcv/object_detection/cordinate/install/cordinate/share/cordinate/local_setup.zsh
-- Up-to-date: /home/rcv/object_detection/cordinate/install/cordinate/share/cordinate/local_setup.dsv
-- Installing: /home/rcv/object_detection/cordinate/install/cordinate/share/cordinate/package.dsv
-- Up-to-date: /home/rcv/object_detection/cordinate/install/cordinate/share/ament_index/resource_index/packages/cordinate
-- Up-to-date: /home/rcv/object_detection/cordinate/install/cordinate/share/cordinate/cmake/ament_cmake_export_include_directories-extras.cmake
-- Up-to-date: /home/rcv/object_detection/cordinate/install/cordinate/share/cordinate/cmake/cordinateConfig.cmake
-- Up-to-date: /home/rcv/object_detection/cordinate/install/cordinate/share/cordinate/cmake/cordinateConfig-version.cmake
-- Up-to-date: /home/rcv/object_detection/cordinate/install/cordinate/share/cordinate/package.xml
