[0.008s] Invoking command in '/home/rcv/object_detection/cordinate/build/cordinate': CMAKE_PREFIX_PATH=/opt/ros/humble /usr/bin/cmake --build /home/rcv/object_detection/cordinate/build/cordinate -- -j22 -l22
[0.037s] [35m[1mConsolidate compiler generated dependencies of target cordinate_converter[0m
[0.051s] [100%] Built target cordinate_converter
[0.061s] Invoked command in '/home/rcv/object_detection/cordinate/build/cordinate' returned '0': CMAKE_PREFIX_PATH=/opt/ros/humble /usr/bin/cmake --build /home/rcv/object_detection/cordinate/build/cordinate -- -j22 -l22
[0.067s] Invoking command in '/home/rcv/object_detection/cordinate/build/cordinate': CMAKE_PREFIX_PATH=/opt/ros/humble /usr/bin/cmake --install /home/rcv/object_detection/cordinate/build/cordinate
[0.072s] -- Install configuration: ""
[0.072s] -- Up-to-date: /home/rcv/object_detection/cordinate/install/cordinate/lib/cordinate/cordinate_converter
[0.072s] -- Up-to-date: /home/rcv/object_detection/cordinate/install/cordinate/share/cordinate/config
[0.073s] -- Up-to-date: /home/rcv/object_detection/cordinate/install/cordinate/share/cordinate/config/config.yaml
[0.073s] -- Up-to-date: /home/rcv/object_detection/cordinate/install/cordinate/share/ament_index/resource_index/package_run_dependencies/cordinate
[0.073s] -- Up-to-date: /home/rcv/object_detection/cordinate/install/cordinate/share/ament_index/resource_index/parent_prefix_path/cordinate
[0.073s] -- Up-to-date: /home/rcv/object_detection/cordinate/install/cordinate/share/cordinate/environment/ament_prefix_path.sh
[0.074s] -- Up-to-date: /home/rcv/object_detection/cordinate/install/cordinate/share/cordinate/environment/ament_prefix_path.dsv
[0.074s] -- Up-to-date: /home/rcv/object_detection/cordinate/install/cordinate/share/cordinate/environment/path.sh
[0.074s] -- Up-to-date: /home/rcv/object_detection/cordinate/install/cordinate/share/cordinate/environment/path.dsv
[0.074s] -- Up-to-date: /home/rcv/object_detection/cordinate/install/cordinate/share/cordinate/local_setup.bash
[0.074s] -- Up-to-date: /home/rcv/object_detection/cordinate/install/cordinate/share/cordinate/local_setup.sh
[0.074s] -- Up-to-date: /home/rcv/object_detection/cordinate/install/cordinate/share/cordinate/local_setup.zsh
[0.074s] -- Up-to-date: /home/rcv/object_detection/cordinate/install/cordinate/share/cordinate/local_setup.dsv
[0.075s] -- Installing: /home/rcv/object_detection/cordinate/install/cordinate/share/cordinate/package.dsv
[0.075s] -- Up-to-date: /home/rcv/object_detection/cordinate/install/cordinate/share/ament_index/resource_index/packages/cordinate
[0.075s] -- Up-to-date: /home/rcv/object_detection/cordinate/install/cordinate/share/cordinate/cmake/ament_cmake_export_include_directories-extras.cmake
[0.075s] -- Up-to-date: /home/rcv/object_detection/cordinate/install/cordinate/share/cordinate/cmake/cordinateConfig.cmake
[0.075s] -- Up-to-date: /home/rcv/object_detection/cordinate/install/cordinate/share/cordinate/cmake/cordinateConfig-version.cmake
[0.076s] -- Up-to-date: /home/rcv/object_detection/cordinate/install/cordinate/share/cordinate/package.xml
[0.076s] Invoked command in '/home/rcv/object_detection/cordinate/build/cordinate' returned '0': CMAKE_PREFIX_PATH=/opt/ros/humble /usr/bin/cmake --install /home/rcv/object_detection/cordinate/build/cordinate
