[0.059s] DEBUG:colcon:Command line arguments: ['/usr/bin/colcon', 'build']
[0.059s] DEBUG:colcon:Parsed command line arguments: Namespace(log_base=None, log_level=None, verb_name='build', build_base='build', install_base='install', merge_install=False, symlink_install=False, test_result_base=None, continue_on_error=False, executor='parallel', parallel_workers=22, event_handlers=None, ignore_user_meta=False, metas=['./colcon.meta'], base_paths=['.'], packages_ignore=None, packages_ignore_regex=None, paths=None, packages_up_to=None, packages_up_to_regex=None, packages_above=None, packages_above_and_dependencies=None, packages_above_depth=None, packages_select_by_dep=None, packages_skip_by_dep=None, packages_skip_up_to=None, packages_select_build_failed=False, packages_skip_build_finished=False, packages_select_test_failures=False, packages_skip_test_passed=False, packages_select=None, packages_skip=None, packages_select_regex=None, packages_skip_regex=None, packages_start=None, packages_end=None, allow_overriding=[], cmake_args=None, cmake_target=None, cmake_target_skip_unavailable=False, cmake_clean_cache=False, cmake_clean_first=False, cmake_force_configure=False, ament_cmake_args=None, catkin_cmake_args=None, catkin_skip_building_tests=False, verb_parser=<colcon_defaults.argument_parser.defaults.DefaultArgumentsDecorator object at 0x75cd28922a10>, verb_extension=<colcon_core.verb.build.BuildVerb object at 0x75cd28922470>, main=<bound method BuildVerb.main of <colcon_core.verb.build.BuildVerb object at 0x75cd28922470>>)
[0.146s] Level 1:colcon.colcon_core.package_discovery:discover_packages(colcon_meta) check parameters
[0.146s] Level 1:colcon.colcon_core.package_discovery:discover_packages(recursive) check parameters
[0.146s] Level 1:colcon.colcon_core.package_discovery:discover_packages(ignore) check parameters
[0.146s] Level 1:colcon.colcon_core.package_discovery:discover_packages(path) check parameters
[0.146s] Level 1:colcon.colcon_core.package_discovery:discover_packages(colcon_meta) discover
[0.146s] Level 1:colcon.colcon_core.package_discovery:discover_packages(recursive) discover
[0.146s] INFO:colcon.colcon_core.package_discovery:Crawling recursively for packages in '/home/rcv/object_detection/cordinate'
[0.146s] Level 1:colcon.colcon_core.package_identification:_identify(.) by extensions ['ignore', 'ignore_ament_install']
[0.146s] Level 1:colcon.colcon_core.package_identification:_identify(.) by extension 'ignore'
[0.146s] Level 1:colcon.colcon_core.package_identification:_identify(.) by extension 'ignore_ament_install'
[0.146s] Level 1:colcon.colcon_core.package_identification:_identify(.) by extensions ['colcon_pkg']
[0.146s] Level 1:colcon.colcon_core.package_identification:_identify(.) by extension 'colcon_pkg'
[0.146s] Level 1:colcon.colcon_core.package_identification:_identify(.) by extensions ['colcon_meta']
[0.146s] Level 1:colcon.colcon_core.package_identification:_identify(.) by extension 'colcon_meta'
[0.146s] Level 1:colcon.colcon_core.package_identification:_identify(.) by extensions ['ros']
[0.146s] Level 1:colcon.colcon_core.package_identification:_identify(.) by extension 'ros'
[0.154s] DEBUG:colcon.colcon_core.package_identification:Package '.' with type 'ros.ament_cmake' and name 'cordinate'
[0.155s] Level 1:colcon.colcon_core.package_discovery:discover_packages(recursive) using defaults
[0.155s] Level 1:colcon.colcon_core.package_discovery:discover_packages(ignore) discover
[0.155s] Level 1:colcon.colcon_core.package_discovery:discover_packages(ignore) using defaults
[0.155s] Level 1:colcon.colcon_core.package_discovery:discover_packages(path) discover
[0.155s] Level 1:colcon.colcon_core.package_discovery:discover_packages(path) using defaults
[0.166s] Level 1:colcon.colcon_core.package_discovery:discover_packages(prefix_path) check parameters
[0.166s] Level 1:colcon.colcon_core.package_discovery:discover_packages(prefix_path) discover
[0.167s] DEBUG:colcon.colcon_installed_package_information.package_discovery:Found 271 installed packages in /opt/ros/humble
[0.168s] Level 1:colcon.colcon_core.package_discovery:discover_packages(prefix_path) using defaults
[0.194s] Level 5:colcon.colcon_core.verb:set package 'cordinate' build argument 'cmake_args' from command line to 'None'
[0.195s] Level 5:colcon.colcon_core.verb:set package 'cordinate' build argument 'cmake_target' from command line to 'None'
[0.195s] Level 5:colcon.colcon_core.verb:set package 'cordinate' build argument 'cmake_target_skip_unavailable' from command line to 'False'
[0.195s] Level 5:colcon.colcon_core.verb:set package 'cordinate' build argument 'cmake_clean_cache' from command line to 'False'
[0.195s] Level 5:colcon.colcon_core.verb:set package 'cordinate' build argument 'cmake_clean_first' from command line to 'False'
[0.195s] Level 5:colcon.colcon_core.verb:set package 'cordinate' build argument 'cmake_force_configure' from command line to 'False'
[0.195s] Level 5:colcon.colcon_core.verb:set package 'cordinate' build argument 'ament_cmake_args' from command line to 'None'
[0.195s] Level 5:colcon.colcon_core.verb:set package 'cordinate' build argument 'catkin_cmake_args' from command line to 'None'
[0.195s] Level 5:colcon.colcon_core.verb:set package 'cordinate' build argument 'catkin_skip_building_tests' from command line to 'False'
[0.195s] DEBUG:colcon.colcon_core.verb:Building package 'cordinate' with the following arguments: {'ament_cmake_args': None, 'build_base': '/home/rcv/object_detection/cordinate/build/cordinate', 'catkin_cmake_args': None, 'catkin_skip_building_tests': False, 'cmake_args': None, 'cmake_clean_cache': False, 'cmake_clean_first': False, 'cmake_force_configure': False, 'cmake_target': None, 'cmake_target_skip_unavailable': False, 'install_base': '/home/rcv/object_detection/cordinate/install/cordinate', 'merge_install': False, 'path': '/home/rcv/object_detection/cordinate', 'symlink_install': False, 'test_result_base': None}
[0.195s] INFO:colcon.colcon_core.executor:Executing jobs using 'parallel' executor
[0.196s] DEBUG:colcon.colcon_parallel_executor.executor.parallel:run_until_complete
[0.196s] INFO:colcon.colcon_ros.task.ament_cmake.build:Building ROS package in '/home/rcv/object_detection/cordinate' with build type 'ament_cmake'
[0.196s] INFO:colcon.colcon_cmake.task.cmake.build:Building CMake package in '/home/rcv/object_detection/cordinate'
[0.197s] INFO:colcon.colcon_core.plugin_system:Skipping extension 'colcon_core.shell.bat': Not used on non-Windows systems
[0.197s] INFO:colcon.colcon_core.shell:Skip shell extension 'powershell' for command environment: Not usable outside of PowerShell
[0.197s] DEBUG:colcon.colcon_core.shell:Skip shell extension 'dsv' for command environment
[0.205s] DEBUG:colcon.colcon_core.event_handler.log_command:Invoking command in '/home/rcv/object_detection/cordinate/build/cordinate': CMAKE_PREFIX_PATH=/opt/ros/humble /usr/bin/cmake --build /home/rcv/object_detection/cordinate/build/cordinate -- -j22 -l22
[0.257s] DEBUG:colcon.colcon_core.event_handler.log_command:Invoked command in '/home/rcv/object_detection/cordinate/build/cordinate' returned '0': CMAKE_PREFIX_PATH=/opt/ros/humble /usr/bin/cmake --build /home/rcv/object_detection/cordinate/build/cordinate -- -j22 -l22
[0.264s] DEBUG:colcon.colcon_core.event_handler.log_command:Invoking command in '/home/rcv/object_detection/cordinate/build/cordinate': CMAKE_PREFIX_PATH=/opt/ros/humble /usr/bin/cmake --install /home/rcv/object_detection/cordinate/build/cordinate
[0.269s] Level 1:colcon.colcon_core.environment:create_environment_scripts_only(cordinate)
[0.272s] Level 1:colcon.colcon_core.environment:checking '/home/rcv/object_detection/cordinate/install/cordinate' for CMake module files
[0.272s] DEBUG:colcon.colcon_core.event_handler.log_command:Invoked command in '/home/rcv/object_detection/cordinate/build/cordinate' returned '0': CMAKE_PREFIX_PATH=/opt/ros/humble /usr/bin/cmake --install /home/rcv/object_detection/cordinate/build/cordinate
[0.272s] Level 1:colcon.colcon_core.environment:checking '/home/rcv/object_detection/cordinate/install/cordinate' for CMake config files
[0.272s] Level 1:colcon.colcon_core.shell:create_environment_hook('cordinate', 'cmake_prefix_path')
[0.273s] INFO:colcon.colcon_core.shell:Creating environment hook '/home/rcv/object_detection/cordinate/install/cordinate/share/cordinate/hook/cmake_prefix_path.ps1'
[0.273s] INFO:colcon.colcon_core.shell:Creating environment descriptor '/home/rcv/object_detection/cordinate/install/cordinate/share/cordinate/hook/cmake_prefix_path.dsv'
[0.273s] INFO:colcon.colcon_core.shell:Creating environment hook '/home/rcv/object_detection/cordinate/install/cordinate/share/cordinate/hook/cmake_prefix_path.sh'
[0.274s] Level 1:colcon.colcon_core.environment:checking '/home/rcv/object_detection/cordinate/install/cordinate/lib'
[0.274s] Level 1:colcon.colcon_core.environment:checking '/home/rcv/object_detection/cordinate/install/cordinate/bin'
[0.274s] Level 1:colcon.colcon_core.environment:checking '/home/rcv/object_detection/cordinate/install/cordinate/lib/pkgconfig/cordinate.pc'
[0.274s] Level 1:colcon.colcon_core.environment:checking '/home/rcv/object_detection/cordinate/install/cordinate/lib/python3.10/site-packages'
[0.274s] Level 1:colcon.colcon_core.environment:checking '/home/rcv/object_detection/cordinate/install/cordinate/bin'
[0.274s] INFO:colcon.colcon_core.shell:Creating package script '/home/rcv/object_detection/cordinate/install/cordinate/share/cordinate/package.ps1'
[0.274s] INFO:colcon.colcon_core.shell:Creating package descriptor '/home/rcv/object_detection/cordinate/install/cordinate/share/cordinate/package.dsv'
[0.275s] INFO:colcon.colcon_core.shell:Creating package script '/home/rcv/object_detection/cordinate/install/cordinate/share/cordinate/package.sh'
[0.275s] INFO:colcon.colcon_core.shell:Creating package script '/home/rcv/object_detection/cordinate/install/cordinate/share/cordinate/package.bash'
[0.275s] INFO:colcon.colcon_core.shell:Creating package script '/home/rcv/object_detection/cordinate/install/cordinate/share/cordinate/package.zsh'
[0.276s] Level 1:colcon.colcon_core.environment:create_file_with_runtime_dependencies(/home/rcv/object_detection/cordinate/install/cordinate/share/colcon-core/packages/cordinate)
[0.276s] Level 1:colcon.colcon_core.environment:create_environment_scripts_only(cordinate)
[0.276s] Level 1:colcon.colcon_core.environment:checking '/home/rcv/object_detection/cordinate/install/cordinate' for CMake module files
[0.276s] Level 1:colcon.colcon_core.environment:checking '/home/rcv/object_detection/cordinate/install/cordinate' for CMake config files
[0.277s] Level 1:colcon.colcon_core.shell:create_environment_hook('cordinate', 'cmake_prefix_path')
[0.277s] INFO:colcon.colcon_core.shell:Creating environment hook '/home/rcv/object_detection/cordinate/install/cordinate/share/cordinate/hook/cmake_prefix_path.ps1'
[0.277s] INFO:colcon.colcon_core.shell:Creating environment descriptor '/home/rcv/object_detection/cordinate/install/cordinate/share/cordinate/hook/cmake_prefix_path.dsv'
[0.277s] INFO:colcon.colcon_core.shell:Creating environment hook '/home/rcv/object_detection/cordinate/install/cordinate/share/cordinate/hook/cmake_prefix_path.sh'
[0.277s] Level 1:colcon.colcon_core.environment:checking '/home/rcv/object_detection/cordinate/install/cordinate/lib'
[0.277s] Level 1:colcon.colcon_core.environment:checking '/home/rcv/object_detection/cordinate/install/cordinate/bin'
[0.277s] Level 1:colcon.colcon_core.environment:checking '/home/rcv/object_detection/cordinate/install/cordinate/lib/pkgconfig/cordinate.pc'
[0.277s] Level 1:colcon.colcon_core.environment:checking '/home/rcv/object_detection/cordinate/install/cordinate/lib/python3.10/site-packages'
[0.278s] Level 1:colcon.colcon_core.environment:checking '/home/rcv/object_detection/cordinate/install/cordinate/bin'
[0.278s] INFO:colcon.colcon_core.shell:Creating package script '/home/rcv/object_detection/cordinate/install/cordinate/share/cordinate/package.ps1'
[0.278s] INFO:colcon.colcon_core.shell:Creating package descriptor '/home/rcv/object_detection/cordinate/install/cordinate/share/cordinate/package.dsv'
[0.278s] INFO:colcon.colcon_core.shell:Creating package script '/home/rcv/object_detection/cordinate/install/cordinate/share/cordinate/package.sh'
[0.278s] INFO:colcon.colcon_core.shell:Creating package script '/home/rcv/object_detection/cordinate/install/cordinate/share/cordinate/package.bash'
[0.279s] INFO:colcon.colcon_core.shell:Creating package script '/home/rcv/object_detection/cordinate/install/cordinate/share/cordinate/package.zsh'
[0.279s] Level 1:colcon.colcon_core.environment:create_file_with_runtime_dependencies(/home/rcv/object_detection/cordinate/install/cordinate/share/colcon-core/packages/cordinate)
[0.279s] DEBUG:colcon.colcon_parallel_executor.executor.parallel:closing loop
[0.279s] DEBUG:colcon.colcon_parallel_executor.executor.parallel:loop closed
[0.279s] DEBUG:colcon.colcon_parallel_executor.executor.parallel:run_until_complete finished with '0'
[0.279s] DEBUG:colcon.colcon_core.event_reactor:joining thread
[0.282s] INFO:colcon.colcon_core.plugin_system:Skipping extension 'colcon_notification.desktop_notification.terminal_notifier': Not used on non-Darwin systems
[0.282s] INFO:colcon.colcon_core.plugin_system:Skipping extension 'colcon_notification.desktop_notification.win32': Not used on non-Windows systems
[0.282s] INFO:colcon.colcon_notification.desktop_notification:Sending desktop notification using 'notify2'
[0.291s] DEBUG:colcon.colcon_core.event_reactor:joined thread
[0.291s] INFO:colcon.colcon_core.shell:Creating prefix script '/home/rcv/object_detection/cordinate/install/local_setup.ps1'
[0.291s] INFO:colcon.colcon_core.shell:Creating prefix util module '/home/rcv/object_detection/cordinate/install/_local_setup_util_ps1.py'
[0.292s] INFO:colcon.colcon_core.shell:Creating prefix chain script '/home/rcv/object_detection/cordinate/install/setup.ps1'
[0.292s] INFO:colcon.colcon_core.shell:Creating prefix script '/home/rcv/object_detection/cordinate/install/local_setup.sh'
[0.293s] INFO:colcon.colcon_core.shell:Creating prefix util module '/home/rcv/object_detection/cordinate/install/_local_setup_util_sh.py'
[0.293s] INFO:colcon.colcon_core.shell:Creating prefix chain script '/home/rcv/object_detection/cordinate/install/setup.sh'
[0.293s] INFO:colcon.colcon_core.shell:Creating prefix script '/home/rcv/object_detection/cordinate/install/local_setup.bash'
[0.294s] INFO:colcon.colcon_core.shell:Creating prefix chain script '/home/rcv/object_detection/cordinate/install/setup.bash'
[0.294s] INFO:colcon.colcon_core.shell:Creating prefix script '/home/rcv/object_detection/cordinate/install/local_setup.zsh'
[0.294s] INFO:colcon.colcon_core.shell:Creating prefix chain script '/home/rcv/object_detection/cordinate/install/setup.zsh'
