[0.009s] Invoking command in '/home/rcv/object_detection/cordinate/build/cordinate': CMAKE_PREFIX_PATH=/opt/ros/humble /usr/bin/cmake /home/rcv/object_detection/cordinate -DCMAKE_INSTALL_PREFIX=/home/rcv/object_detection/cordinate/install/cordinate
[0.051s] -- The C compiler identification is GNU 11.4.0
[0.085s] -- The CXX compiler identification is GNU 11.4.0
[0.089s] -- Detecting C compiler ABI info
[0.136s] -- Detecting C compiler ABI info - done
[0.143s] -- Check for working C compiler: /usr/bin/cc - skipped
[0.143s] -- Detecting C compile features
[0.143s] -- Detecting C compile features - done
[0.145s] -- Detecting CXX compiler ABI info
[0.207s] -- Detecting CXX compiler ABI info - done
[0.213s] -- Check for working CXX compiler: /usr/bin/c++ - skipped
[0.213s] -- Detecting CXX compile features
[0.213s] -- Detecting CXX compile features - done
[0.214s] -- Found ament_cmake: 1.3.11 (/opt/ros/humble/share/ament_cmake/cmake)
[0.316s] -- Found Python3: /usr/bin/python3 (found version "3.10.12") found components: Interpreter 
[0.370s] -- Found rclcpp: 16.0.11 (/opt/ros/humble/share/rclcpp/cmake)
[0.391s] -- Found rosidl_generator_c: 3.1.6 (/opt/ros/humble/share/rosidl_generator_c/cmake)
[0.393s] -- Found rosidl_adapter: 3.1.6 (/opt/ros/humble/share/rosidl_adapter/cmake)
[0.397s] -- Found rosidl_generator_cpp: 3.1.6 (/opt/ros/humble/share/rosidl_generator_cpp/cmake)
[0.403s] -- Using all available rosidl_typesupport_c: rosidl_typesupport_fastrtps_c;rosidl_typesupport_introspection_c
[0.411s] -- Using all available rosidl_typesupport_cpp: rosidl_typesupport_fastrtps_cpp;rosidl_typesupport_introspection_cpp
[0.433s] -- Found rmw_implementation_cmake: 6.1.2 (/opt/ros/humble/share/rmw_implementation_cmake/cmake)
[0.435s] -- Found rmw_fastrtps_cpp: 6.2.7 (/opt/ros/humble/share/rmw_fastrtps_cpp/cmake)
[0.502s] -- Found OpenSSL: /usr/lib/x86_64-linux-gnu/libcrypto.so (found version "3.0.2")  
[0.519s] -- Found FastRTPS: /opt/ros/humble/include  
[0.542s] -- Using RMW implementation 'rmw_fastrtps_cpp' as default
[0.546s] -- Looking for pthread.h
[0.599s] -- Looking for pthread.h - found
[0.599s] -- Performing Test CMAKE_HAVE_LIBC_PTHREAD
[0.650s] -- Performing Test CMAKE_HAVE_LIBC_PTHREAD - Success
[0.651s] -- Found Threads: TRUE  
[0.682s] -- Found nav_msgs: 4.2.4 (/opt/ros/humble/share/nav_msgs/cmake)
[0.740s] -- Configuring done
[0.745s] -- Generating done
[0.747s] -- Build files have been written to: /home/rcv/object_detection/cordinate/build/cordinate
[0.753s] Invoked command in '/home/rcv/object_detection/cordinate/build/cordinate' returned '0': CMAKE_PREFIX_PATH=/opt/ros/humble /usr/bin/cmake /home/rcv/object_detection/cordinate -DCMAKE_INSTALL_PREFIX=/home/rcv/object_detection/cordinate/install/cordinate
[0.754s] Invoking command in '/home/rcv/object_detection/cordinate/build/cordinate': CMAKE_PREFIX_PATH=/opt/ros/humble /usr/bin/cmake --build /home/rcv/object_detection/cordinate/build/cordinate -- -j22 -l22
[0.797s] [ 50%] [32mBuilding CXX object CMakeFiles/cordinate_converter.dir/src/cordinate.cpp.o[0m
[6.340s] [100%] [32m[1mLinking CXX executable cordinate_converter[0m
[6.589s] [100%] Built target cordinate_converter
[6.600s] Invoked command in '/home/rcv/object_detection/cordinate/build/cordinate' returned '0': CMAKE_PREFIX_PATH=/opt/ros/humble /usr/bin/cmake --build /home/rcv/object_detection/cordinate/build/cordinate -- -j22 -l22
[6.607s] Invoking command in '/home/rcv/object_detection/cordinate/build/cordinate': CMAKE_PREFIX_PATH=/opt/ros/humble /usr/bin/cmake --install /home/rcv/object_detection/cordinate/build/cordinate
[6.612s] -- Install configuration: ""
[6.612s] -- Installing: /home/rcv/object_detection/cordinate/install/cordinate/lib/cordinate/cordinate_converter
[6.614s] -- Set runtime path of "/home/rcv/object_detection/cordinate/install/cordinate/lib/cordinate/cordinate_converter" to ""
[6.614s] -- Installing: /home/rcv/object_detection/cordinate/install/cordinate/share/cordinate/config
[6.614s] -- Installing: /home/rcv/object_detection/cordinate/install/cordinate/share/cordinate/config/config.yaml
[6.614s] -- Installing: /home/rcv/object_detection/cordinate/install/cordinate/share/ament_index/resource_index/package_run_dependencies/cordinate
[6.614s] -- Installing: /home/rcv/object_detection/cordinate/install/cordinate/share/ament_index/resource_index/parent_prefix_path/cordinate
[6.614s] -- Installing: /home/rcv/object_detection/cordinate/install/cordinate/share/cordinate/environment/ament_prefix_path.sh
[6.615s] -- Installing: /home/rcv/object_detection/cordinate/install/cordinate/share/cordinate/environment/ament_prefix_path.dsv
[6.615s] -- Installing: /home/rcv/object_detection/cordinate/install/cordinate/share/cordinate/environment/path.sh
[6.615s] -- Installing: /home/rcv/object_detection/cordinate/install/cordinate/share/cordinate/environment/path.dsv
[6.615s] -- Installing: /home/rcv/object_detection/cordinate/install/cordinate/share/cordinate/local_setup.bash
[6.615s] -- Installing: /home/rcv/object_detection/cordinate/install/cordinate/share/cordinate/local_setup.sh
[6.615s] -- Installing: /home/rcv/object_detection/cordinate/install/cordinate/share/cordinate/local_setup.zsh
[6.615s] -- Installing: /home/rcv/object_detection/cordinate/install/cordinate/share/cordinate/local_setup.dsv
[6.615s] -- Installing: /home/rcv/object_detection/cordinate/install/cordinate/share/cordinate/package.dsv
[6.615s] -- Installing: /home/rcv/object_detection/cordinate/install/cordinate/share/ament_index/resource_index/packages/cordinate
[6.615s] -- Installing: /home/rcv/object_detection/cordinate/install/cordinate/share/cordinate/cmake/ament_cmake_export_include_directories-extras.cmake
[6.615s] -- Installing: /home/rcv/object_detection/cordinate/install/cordinate/share/cordinate/cmake/cordinateConfig.cmake
[6.615s] -- Installing: /home/rcv/object_detection/cordinate/install/cordinate/share/cordinate/cmake/cordinateConfig-version.cmake
[6.615s] -- Installing: /home/rcv/object_detection/cordinate/install/cordinate/share/cordinate/package.xml
[6.616s] Invoked command in '/home/rcv/object_detection/cordinate/build/cordinate' returned '0': CMAKE_PREFIX_PATH=/opt/ros/humble /usr/bin/cmake --install /home/rcv/object_detection/cordinate/build/cordinate
