-- Found ament_cmake: 1.3.11 (/opt/ros/humble/share/ament_cmake/cmake)
-- Found rclcpp: 16.0.11 (/opt/ros/humble/share/rclcpp/cmake)
-- Found rosidl_generator_c: 3.1.6 (/opt/ros/humble/share/rosidl_generator_c/cmake)
-- Found rosidl_adapter: 3.1.6 (/opt/ros/humble/share/rosidl_adapter/cmake)
-- Found rosidl_generator_cpp: 3.1.6 (/opt/ros/humble/share/rosidl_generator_cpp/cmake)
-- Using all available rosidl_typesupport_c: rosidl_typesupport_fastrtps_c;rosidl_typesupport_introspection_c
-- Using all available rosidl_typesupport_cpp: rosidl_typesupport_fastrtps_cpp;rosidl_typesupport_introspection_cpp
-- Found rmw_implementation_cmake: 6.1.2 (/opt/ros/humble/share/rmw_implementation_cmake/cmake)
-- Found rmw_fastrtps_cpp: 6.2.7 (/opt/ros/humble/share/rmw_fastrtps_cpp/cmake)
-- Using RMW implementation 'rmw_fastrtps_cpp' as default
-- Found sensor_msgs: 4.2.4 (/opt/ros/humble/share/sensor_msgs/cmake)
-- Found nav_msgs: 4.2.4 (/opt/ros/humble/share/nav_msgs/cmake)
-- Found visualization_msgs: 4.2.4 (/opt/ros/humble/share/visualization_msgs/cmake)
-- Found tf2: 0.25.12 (/opt/ros/humble/share/tf2/cmake)
-- Found tf2_ros: 0.25.12 (/opt/ros/humble/share/tf2_ros/cmake)
-- Found tf2_geometry_msgs: 0.25.12 (/opt/ros/humble/share/tf2_geometry_msgs/cmake)
-- Found eigen3_cmake_module: 0.1.1 (/opt/ros/humble/share/eigen3_cmake_module/cmake)
-- Ensuring Eigen3 include directory is part of orocos-kdl CMake target
-- Configuring done
-- Generating done
-- Build files have been written to: /home/rcv/object_detection/object_detector/build/object_detection
[ 25%] [32mBuilding CXX object CMakeFiles/scan_processor_node.dir/src/scan_processor_node.cpp.o[0m
[ 25%] [32mBuilding CXX object CMakeFiles/delay_monitor_node.dir/src/delay_monitor_node.cpp.o[0m
[ 37%] [32mBuilding CXX object CMakeFiles/obstacle_detector_node.dir/src/obstacle_detector_node.cpp.o[0m
[ 50%] [32mBuilding CXX object CMakeFiles/visualization_node.dir/src/visualization_node.cpp.o[0m
[ 62%] [32m[1mLinking CXX executable obstacle_detector_node[0m
[ 62%] Built target obstacle_detector_node
[ 75%] [32m[1mLinking CXX executable visualization_node[0m
[ 75%] Built target visualization_node
[ 87%] [32m[1mLinking CXX executable scan_processor_node[0m
[ 87%] Built target scan_processor_node
[100%] [32m[1mLinking CXX executable delay_monitor_node[0m
[100%] Built target delay_monitor_node
-- Install configuration: ""
-- Installing: /home/rcv/object_detection/object_detector/install/object_detection/lib/object_detection/scan_processor_node
-- Set runtime path of "/home/rcv/object_detection/object_detector/install/object_detection/lib/object_detection/scan_processor_node" to ""
-- Installing: /home/rcv/object_detection/object_detector/install/object_detection/lib/object_detection/obstacle_detector_node
-- Set runtime path of "/home/rcv/object_detection/object_detector/install/object_detection/lib/object_detection/obstacle_detector_node" to ""
-- Installing: /home/rcv/object_detection/object_detector/install/object_detection/lib/object_detection/visualization_node
-- Set runtime path of "/home/rcv/object_detection/object_detector/install/object_detection/lib/object_detection/visualization_node" to ""
-- Installing: /home/rcv/object_detection/object_detector/install/object_detection/lib/object_detection/delay_monitor_node
-- Set runtime path of "/home/rcv/object_detection/object_detector/install/object_detection/lib/object_detection/delay_monitor_node" to ""
-- Installing: /home/rcv/object_detection/object_detector/install/object_detection/lib/object_detection/tracker.py
-- Installing: /home/rcv/object_detection/object_detector/install/object_detection/share/object_detection/launch
-- Installing: /home/rcv/object_detection/object_detector/install/object_detection/share/object_detection/launch/object_detect_launch.py
-- Installing: /home/rcv/object_detection/object_detector/install/object_detection/share/object_detection/config
-- Installing: /home/rcv/object_detection/object_detector/install/object_detection/share/object_detection/config/params.yaml
-- Installing: /home/rcv/object_detection/object_detector/install/object_detection/share/ament_index/resource_index/package_run_dependencies/object_detection
-- Installing: /home/rcv/object_detection/object_detector/install/object_detection/share/ament_index/resource_index/parent_prefix_path/object_detection
-- Installing: /home/rcv/object_detection/object_detector/install/object_detection/share/object_detection/environment/ament_prefix_path.sh
-- Installing: /home/rcv/object_detection/object_detector/install/object_detection/share/object_detection/environment/ament_prefix_path.dsv
-- Installing: /home/rcv/object_detection/object_detector/install/object_detection/share/object_detection/environment/path.sh
-- Installing: /home/rcv/object_detection/object_detector/install/object_detection/share/object_detection/environment/path.dsv
-- Installing: /home/rcv/object_detection/object_detector/install/object_detection/share/object_detection/local_setup.bash
-- Installing: /home/rcv/object_detection/object_detector/install/object_detection/share/object_detection/local_setup.sh
-- Installing: /home/rcv/object_detection/object_detector/install/object_detection/share/object_detection/local_setup.zsh
-- Installing: /home/rcv/object_detection/object_detector/install/object_detection/share/object_detection/local_setup.dsv
-- Installing: /home/rcv/object_detection/object_detector/install/object_detection/share/object_detection/package.dsv
-- Installing: /home/rcv/object_detection/object_detector/install/object_detection/share/ament_index/resource_index/packages/object_detection
-- Installing: /home/rcv/object_detection/object_detector/install/object_detection/share/object_detection/cmake/object_detectionConfig.cmake
-- Installing: /home/rcv/object_detection/object_detector/install/object_detection/share/object_detection/cmake/object_detectionConfig-version.cmake
-- Installing: /home/rcv/object_detection/object_detector/install/object_detection/share/object_detection/package.xml
