[0.009s] Invoking command in '/home/rcv/object_detection/object_detector/build/object_detection': CMAKE_PREFIX_PATH=/opt/ros/humble /usr/bin/cmake /home/rcv/object_detection/object_detector -DCMAKE_INSTALL_PREFIX=/home/rcv/object_detection/object_detector/install/object_detection
[0.017s] -- Found ament_cmake: 1.3.11 (/opt/ros/humble/share/ament_cmake/cmake)
[0.104s] -- Found rclcpp: 16.0.11 (/opt/ros/humble/share/rclcpp/cmake)
[0.124s] -- Found rosidl_generator_c: 3.1.6 (/opt/ros/humble/share/rosidl_generator_c/cmake)
[0.125s] -- Found rosidl_adapter: 3.1.6 (/opt/ros/humble/share/rosidl_adapter/cmake)
[0.128s] -- Found rosidl_generator_cpp: 3.1.6 (/opt/ros/humble/share/rosidl_generator_cpp/cmake)
[0.133s] -- Using all available rosidl_typesupport_c: rosidl_typesupport_fastrtps_c;rosidl_typesupport_introspection_c
[0.140s] -- Using all available rosidl_typesupport_cpp: rosidl_typesupport_fastrtps_cpp;rosidl_typesupport_introspection_cpp
[0.159s] -- Found rmw_implementation_cmake: 6.1.2 (/opt/ros/humble/share/rmw_implementation_cmake/cmake)
[0.160s] -- Found rmw_fastrtps_cpp: 6.2.7 (/opt/ros/humble/share/rmw_fastrtps_cpp/cmake)
[0.231s] -- Using RMW implementation 'rmw_fastrtps_cpp' as default
[0.262s] -- Found sensor_msgs: 4.2.4 (/opt/ros/humble/share/sensor_msgs/cmake)
[0.279s] -- Found nav_msgs: 4.2.4 (/opt/ros/humble/share/nav_msgs/cmake)
[0.289s] -- Found visualization_msgs: 4.2.4 (/opt/ros/humble/share/visualization_msgs/cmake)
[0.301s] -- Found tf2: 0.25.12 (/opt/ros/humble/share/tf2/cmake)
[0.304s] -- Found tf2_ros: 0.25.12 (/opt/ros/humble/share/tf2_ros/cmake)
[0.352s] -- Found tf2_geometry_msgs: 0.25.12 (/opt/ros/humble/share/tf2_geometry_msgs/cmake)
[0.354s] -- Found eigen3_cmake_module: 0.1.1 (/opt/ros/humble/share/eigen3_cmake_module/cmake)
[0.355s] -- Ensuring Eigen3 include directory is part of orocos-kdl CMake target
[0.402s] -- Configuring done
[0.417s] -- Generating done
[0.421s] -- Build files have been written to: /home/rcv/object_detection/object_detector/build/object_detection
[0.427s] Invoked command in '/home/rcv/object_detection/object_detector/build/object_detection' returned '0': CMAKE_PREFIX_PATH=/opt/ros/humble /usr/bin/cmake /home/rcv/object_detection/object_detector -DCMAKE_INSTALL_PREFIX=/home/rcv/object_detection/object_detector/install/object_detection
[0.429s] Invoking command in '/home/rcv/object_detection/object_detector/build/object_detection': CMAKE_PREFIX_PATH=/opt/ros/humble /usr/bin/cmake --build /home/rcv/object_detection/object_detector/build/object_detection -- -j22 -l22
[0.469s] [ 25%] [32mBuilding CXX object CMakeFiles/scan_processor_node.dir/src/scan_processor_node.cpp.o[0m
[0.469s] [ 25%] [32mBuilding CXX object CMakeFiles/delay_monitor_node.dir/src/delay_monitor_node.cpp.o[0m
[0.471s] [ 37%] [32mBuilding CXX object CMakeFiles/obstacle_detector_node.dir/src/obstacle_detector_node.cpp.o[0m
[0.471s] [ 50%] [32mBuilding CXX object CMakeFiles/visualization_node.dir/src/visualization_node.cpp.o[0m
[6.370s] [ 62%] [32m[1mLinking CXX executable obstacle_detector_node[0m
[6.727s] [ 62%] Built target obstacle_detector_node
[6.825s] [ 75%] [32m[1mLinking CXX executable visualization_node[0m
[7.087s] [ 75%] Built target visualization_node
[7.111s] [ 87%] [32m[1mLinking CXX executable scan_processor_node[0m
[7.466s] [ 87%] Built target scan_processor_node
[10.269s] [100%] [32m[1mLinking CXX executable delay_monitor_node[0m
[10.725s] [100%] Built target delay_monitor_node
[10.736s] Invoked command in '/home/rcv/object_detection/object_detector/build/object_detection' returned '0': CMAKE_PREFIX_PATH=/opt/ros/humble /usr/bin/cmake --build /home/rcv/object_detection/object_detector/build/object_detection -- -j22 -l22
[10.746s] Invoking command in '/home/rcv/object_detection/object_detector/build/object_detection': CMAKE_PREFIX_PATH=/opt/ros/humble /usr/bin/cmake --install /home/rcv/object_detection/object_detector/build/object_detection
[10.753s] -- Install configuration: ""
[10.753s] -- Installing: /home/rcv/object_detection/object_detector/install/object_detection/lib/object_detection/scan_processor_node
[10.757s] -- Set runtime path of "/home/rcv/object_detection/object_detector/install/object_detection/lib/object_detection/scan_processor_node" to ""
[10.757s] -- Installing: /home/rcv/object_detection/object_detector/install/object_detection/lib/object_detection/obstacle_detector_node
[10.759s] -- Set runtime path of "/home/rcv/object_detection/object_detector/install/object_detection/lib/object_detection/obstacle_detector_node" to ""
[10.759s] -- Installing: /home/rcv/object_detection/object_detector/install/object_detection/lib/object_detection/visualization_node
[10.761s] -- Set runtime path of "/home/rcv/object_detection/object_detector/install/object_detection/lib/object_detection/visualization_node" to ""
[10.761s] -- Installing: /home/rcv/object_detection/object_detector/install/object_detection/lib/object_detection/delay_monitor_node
[10.764s] -- Set runtime path of "/home/rcv/object_detection/object_detector/install/object_detection/lib/object_detection/delay_monitor_node" to ""
[10.765s] -- Installing: /home/rcv/object_detection/object_detector/install/object_detection/lib/object_detection/tracker.py
[10.765s] -- Installing: /home/rcv/object_detection/object_detector/install/object_detection/share/object_detection/launch
[10.765s] -- Installing: /home/rcv/object_detection/object_detector/install/object_detection/share/object_detection/launch/object_detect_launch.py
[10.765s] -- Installing: /home/rcv/object_detection/object_detector/install/object_detection/share/object_detection/config
[10.765s] -- Installing: /home/rcv/object_detection/object_detector/install/object_detection/share/object_detection/config/params.yaml
[10.765s] -- Installing: /home/rcv/object_detection/object_detector/install/object_detection/share/ament_index/resource_index/package_run_dependencies/object_detection
[10.766s] -- Installing: /home/rcv/object_detection/object_detector/install/object_detection/share/ament_index/resource_index/parent_prefix_path/object_detection
[10.766s] -- Installing: /home/rcv/object_detection/object_detector/install/object_detection/share/object_detection/environment/ament_prefix_path.sh
[10.766s] -- Installing: /home/rcv/object_detection/object_detector/install/object_detection/share/object_detection/environment/ament_prefix_path.dsv
[10.766s] -- Installing: /home/rcv/object_detection/object_detector/install/object_detection/share/object_detection/environment/path.sh
[10.766s] -- Installing: /home/rcv/object_detection/object_detector/install/object_detection/share/object_detection/environment/path.dsv
[10.766s] -- Installing: /home/rcv/object_detection/object_detector/install/object_detection/share/object_detection/local_setup.bash
[10.766s] -- Installing: /home/rcv/object_detection/object_detector/install/object_detection/share/object_detection/local_setup.sh
[10.766s] -- Installing: /home/rcv/object_detection/object_detector/install/object_detection/share/object_detection/local_setup.zsh
[10.766s] -- Installing: /home/rcv/object_detection/object_detector/install/object_detection/share/object_detection/local_setup.dsv
[10.766s] -- Installing: /home/rcv/object_detection/object_detector/install/object_detection/share/object_detection/package.dsv
[10.766s] -- Installing: /home/rcv/object_detection/object_detector/install/object_detection/share/ament_index/resource_index/packages/object_detection
[10.766s] -- Installing: /home/rcv/object_detection/object_detector/install/object_detection/share/object_detection/cmake/object_detectionConfig.cmake
[10.767s] -- Installing: /home/rcv/object_detection/object_detector/install/object_detection/share/object_detection/cmake/object_detectionConfig-version.cmake
[10.767s] -- Installing: /home/rcv/object_detection/object_detector/install/object_detection/share/object_detection/package.xml
[10.769s] Invoked command in '/home/rcv/object_detection/object_detector/build/object_detection' returned '0': CMAKE_PREFIX_PATH=/opt/ros/humble /usr/bin/cmake --install /home/rcv/object_detection/object_detector/build/object_detection
