[0.057s] DEBUG:colcon:Command line arguments: ['/usr/bin/colcon', 'build']
[0.057s] DEBUG:colcon:Parsed command line arguments: Namespace(log_base=None, log_level=None, verb_name='build', build_base='build', install_base='install', merge_install=False, symlink_install=False, test_result_base=None, continue_on_error=False, executor='parallel', parallel_workers=22, event_handlers=None, ignore_user_meta=False, metas=['./colcon.meta'], base_paths=['.'], packages_ignore=None, packages_ignore_regex=None, paths=None, packages_up_to=None, packages_up_to_regex=None, packages_above=None, packages_above_and_dependencies=None, packages_above_depth=None, packages_select_by_dep=None, packages_skip_by_dep=None, packages_skip_up_to=None, packages_select_build_failed=False, packages_skip_build_finished=False, packages_select_test_failures=False, packages_skip_test_passed=False, packages_select=None, packages_skip=None, packages_select_regex=None, packages_skip_regex=None, packages_start=None, packages_end=None, allow_overriding=[], cmake_args=None, cmake_target=None, cmake_target_skip_unavailable=False, cmake_clean_cache=False, cmake_clean_first=False, cmake_force_configure=False, ament_cmake_args=None, catkin_cmake_args=None, catkin_skip_building_tests=False, verb_parser=<colcon_defaults.argument_parser.defaults.DefaultArgumentsDecorator object at 0x76c5db722b00>, verb_extension=<colcon_core.verb.build.BuildVerb object at 0x76c5db722560>, main=<bound method BuildVerb.main of <colcon_core.verb.build.BuildVerb object at 0x76c5db722560>>)
[0.143s] Level 1:colcon.colcon_core.package_discovery:discover_packages(colcon_meta) check parameters
[0.143s] Level 1:colcon.colcon_core.package_discovery:discover_packages(recursive) check parameters
[0.143s] Level 1:colcon.colcon_core.package_discovery:discover_packages(ignore) check parameters
[0.143s] Level 1:colcon.colcon_core.package_discovery:discover_packages(path) check parameters
[0.143s] Level 1:colcon.colcon_core.package_discovery:discover_packages(colcon_meta) discover
[0.143s] Level 1:colcon.colcon_core.package_discovery:discover_packages(recursive) discover
[0.143s] INFO:colcon.colcon_core.package_discovery:Crawling recursively for packages in '/home/rcv/object_detection/object_detector'
[0.144s] Level 1:colcon.colcon_core.package_identification:_identify(.) by extensions ['ignore', 'ignore_ament_install']
[0.144s] Level 1:colcon.colcon_core.package_identification:_identify(.) by extension 'ignore'
[0.144s] Level 1:colcon.colcon_core.package_identification:_identify(.) by extension 'ignore_ament_install'
[0.144s] Level 1:colcon.colcon_core.package_identification:_identify(.) by extensions ['colcon_pkg']
[0.144s] Level 1:colcon.colcon_core.package_identification:_identify(.) by extension 'colcon_pkg'
[0.144s] Level 1:colcon.colcon_core.package_identification:_identify(.) by extensions ['colcon_meta']
[0.144s] Level 1:colcon.colcon_core.package_identification:_identify(.) by extension 'colcon_meta'
[0.144s] Level 1:colcon.colcon_core.package_identification:_identify(.) by extensions ['ros']
[0.144s] Level 1:colcon.colcon_core.package_identification:_identify(.) by extension 'ros'
[0.152s] DEBUG:colcon.colcon_core.package_identification:Package '.' with type 'ros.ament_cmake' and name 'object_detection'
[0.152s] Level 1:colcon.colcon_core.package_discovery:discover_packages(recursive) using defaults
[0.152s] Level 1:colcon.colcon_core.package_discovery:discover_packages(ignore) discover
[0.152s] Level 1:colcon.colcon_core.package_discovery:discover_packages(ignore) using defaults
[0.152s] Level 1:colcon.colcon_core.package_discovery:discover_packages(path) discover
[0.153s] Level 1:colcon.colcon_core.package_discovery:discover_packages(path) using defaults
[0.164s] Level 1:colcon.colcon_core.package_discovery:discover_packages(prefix_path) check parameters
[0.164s] Level 1:colcon.colcon_core.package_discovery:discover_packages(prefix_path) discover
[0.165s] DEBUG:colcon.colcon_installed_package_information.package_discovery:Found 271 installed packages in /opt/ros/humble
[0.166s] Level 1:colcon.colcon_core.package_discovery:discover_packages(prefix_path) using defaults
[0.192s] Level 5:colcon.colcon_core.verb:set package 'object_detection' build argument 'cmake_args' from command line to 'None'
[0.192s] Level 5:colcon.colcon_core.verb:set package 'object_detection' build argument 'cmake_target' from command line to 'None'
[0.192s] Level 5:colcon.colcon_core.verb:set package 'object_detection' build argument 'cmake_target_skip_unavailable' from command line to 'False'
[0.192s] Level 5:colcon.colcon_core.verb:set package 'object_detection' build argument 'cmake_clean_cache' from command line to 'False'
[0.192s] Level 5:colcon.colcon_core.verb:set package 'object_detection' build argument 'cmake_clean_first' from command line to 'False'
[0.192s] Level 5:colcon.colcon_core.verb:set package 'object_detection' build argument 'cmake_force_configure' from command line to 'False'
[0.192s] Level 5:colcon.colcon_core.verb:set package 'object_detection' build argument 'ament_cmake_args' from command line to 'None'
[0.192s] Level 5:colcon.colcon_core.verb:set package 'object_detection' build argument 'catkin_cmake_args' from command line to 'None'
[0.192s] Level 5:colcon.colcon_core.verb:set package 'object_detection' build argument 'catkin_skip_building_tests' from command line to 'False'
[0.192s] DEBUG:colcon.colcon_core.verb:Building package 'object_detection' with the following arguments: {'ament_cmake_args': None, 'build_base': '/home/rcv/object_detection/object_detector/build/object_detection', 'catkin_cmake_args': None, 'catkin_skip_building_tests': False, 'cmake_args': None, 'cmake_clean_cache': False, 'cmake_clean_first': False, 'cmake_force_configure': False, 'cmake_target': None, 'cmake_target_skip_unavailable': False, 'install_base': '/home/rcv/object_detection/object_detector/install/object_detection', 'merge_install': False, 'path': '/home/rcv/object_detection/object_detector', 'symlink_install': False, 'test_result_base': None}
[0.192s] INFO:colcon.colcon_core.executor:Executing jobs using 'parallel' executor
[0.193s] DEBUG:colcon.colcon_parallel_executor.executor.parallel:run_until_complete
[0.193s] INFO:colcon.colcon_ros.task.ament_cmake.build:Building ROS package in '/home/rcv/object_detection/object_detector' with build type 'ament_cmake'
[0.194s] INFO:colcon.colcon_cmake.task.cmake.build:Building CMake package in '/home/rcv/object_detection/object_detector'
[0.196s] INFO:colcon.colcon_core.plugin_system:Skipping extension 'colcon_core.shell.bat': Not used on non-Windows systems
[0.196s] INFO:colcon.colcon_core.shell:Skip shell extension 'powershell' for command environment: Not usable outside of PowerShell
[0.196s] DEBUG:colcon.colcon_core.shell:Skip shell extension 'dsv' for command environment
[0.203s] DEBUG:colcon.colcon_core.event_handler.log_command:Invoking command in '/home/rcv/object_detection/object_detector/build/object_detection': CMAKE_PREFIX_PATH=/opt/ros/humble /usr/bin/cmake /home/rcv/object_detection/object_detector -DCMAKE_INSTALL_PREFIX=/home/rcv/object_detection/object_detector/install/object_detection
[0.621s] DEBUG:colcon.colcon_core.event_handler.log_command:Invoked command in '/home/rcv/object_detection/object_detector/build/object_detection' returned '0': CMAKE_PREFIX_PATH=/opt/ros/humble /usr/bin/cmake /home/rcv/object_detection/object_detector -DCMAKE_INSTALL_PREFIX=/home/rcv/object_detection/object_detector/install/object_detection
[0.623s] DEBUG:colcon.colcon_core.event_handler.log_command:Invoking command in '/home/rcv/object_detection/object_detector/build/object_detection': CMAKE_PREFIX_PATH=/opt/ros/humble /usr/bin/cmake --build /home/rcv/object_detection/object_detector/build/object_detection -- -j22 -l22
[10.930s] DEBUG:colcon.colcon_core.event_handler.log_command:Invoked command in '/home/rcv/object_detection/object_detector/build/object_detection' returned '0': CMAKE_PREFIX_PATH=/opt/ros/humble /usr/bin/cmake --build /home/rcv/object_detection/object_detector/build/object_detection -- -j22 -l22
[10.941s] DEBUG:colcon.colcon_core.event_handler.log_command:Invoking command in '/home/rcv/object_detection/object_detector/build/object_detection': CMAKE_PREFIX_PATH=/opt/ros/humble /usr/bin/cmake --install /home/rcv/object_detection/object_detector/build/object_detection
[10.961s] Level 1:colcon.colcon_core.environment:create_environment_scripts_only(object_detection)
[10.963s] DEBUG:colcon.colcon_core.event_handler.log_command:Invoked command in '/home/rcv/object_detection/object_detector/build/object_detection' returned '0': CMAKE_PREFIX_PATH=/opt/ros/humble /usr/bin/cmake --install /home/rcv/object_detection/object_detector/build/object_detection
[10.964s] Level 1:colcon.colcon_core.environment:checking '/home/rcv/object_detection/object_detector/install/object_detection' for CMake module files
[10.964s] Level 1:colcon.colcon_core.environment:checking '/home/rcv/object_detection/object_detector/install/object_detection' for CMake config files
[10.965s] Level 1:colcon.colcon_core.shell:create_environment_hook('object_detection', 'cmake_prefix_path')
[10.965s] INFO:colcon.colcon_core.shell:Creating environment hook '/home/rcv/object_detection/object_detector/install/object_detection/share/object_detection/hook/cmake_prefix_path.ps1'
[10.965s] INFO:colcon.colcon_core.shell:Creating environment descriptor '/home/rcv/object_detection/object_detector/install/object_detection/share/object_detection/hook/cmake_prefix_path.dsv'
[10.965s] INFO:colcon.colcon_core.shell:Creating environment hook '/home/rcv/object_detection/object_detector/install/object_detection/share/object_detection/hook/cmake_prefix_path.sh'
[10.966s] Level 1:colcon.colcon_core.environment:checking '/home/rcv/object_detection/object_detector/install/object_detection/lib'
[10.966s] Level 1:colcon.colcon_core.environment:checking '/home/rcv/object_detection/object_detector/install/object_detection/bin'
[10.966s] Level 1:colcon.colcon_core.environment:checking '/home/rcv/object_detection/object_detector/install/object_detection/lib/pkgconfig/object_detection.pc'
[10.966s] Level 1:colcon.colcon_core.environment:checking '/home/rcv/object_detection/object_detector/install/object_detection/lib/python3.10/site-packages'
[10.966s] Level 1:colcon.colcon_core.environment:checking '/home/rcv/object_detection/object_detector/install/object_detection/bin'
[10.966s] INFO:colcon.colcon_core.shell:Creating package script '/home/rcv/object_detection/object_detector/install/object_detection/share/object_detection/package.ps1'
[10.967s] INFO:colcon.colcon_core.shell:Creating package descriptor '/home/rcv/object_detection/object_detector/install/object_detection/share/object_detection/package.dsv'
[10.967s] INFO:colcon.colcon_core.shell:Creating package script '/home/rcv/object_detection/object_detector/install/object_detection/share/object_detection/package.sh'
[10.968s] INFO:colcon.colcon_core.shell:Creating package script '/home/rcv/object_detection/object_detector/install/object_detection/share/object_detection/package.bash'
[10.968s] INFO:colcon.colcon_core.shell:Creating package script '/home/rcv/object_detection/object_detector/install/object_detection/share/object_detection/package.zsh'
[10.968s] Level 1:colcon.colcon_core.environment:create_file_with_runtime_dependencies(/home/rcv/object_detection/object_detector/install/object_detection/share/colcon-core/packages/object_detection)
[10.969s] Level 1:colcon.colcon_core.environment:create_environment_scripts_only(object_detection)
[10.969s] Level 1:colcon.colcon_core.environment:checking '/home/rcv/object_detection/object_detector/install/object_detection' for CMake module files
[10.969s] Level 1:colcon.colcon_core.environment:checking '/home/rcv/object_detection/object_detector/install/object_detection' for CMake config files
[10.969s] Level 1:colcon.colcon_core.shell:create_environment_hook('object_detection', 'cmake_prefix_path')
[10.969s] INFO:colcon.colcon_core.shell:Creating environment hook '/home/rcv/object_detection/object_detector/install/object_detection/share/object_detection/hook/cmake_prefix_path.ps1'
[10.969s] INFO:colcon.colcon_core.shell:Creating environment descriptor '/home/rcv/object_detection/object_detector/install/object_detection/share/object_detection/hook/cmake_prefix_path.dsv'
[10.970s] INFO:colcon.colcon_core.shell:Creating environment hook '/home/rcv/object_detection/object_detector/install/object_detection/share/object_detection/hook/cmake_prefix_path.sh'
[10.970s] Level 1:colcon.colcon_core.environment:checking '/home/rcv/object_detection/object_detector/install/object_detection/lib'
[10.970s] Level 1:colcon.colcon_core.environment:checking '/home/rcv/object_detection/object_detector/install/object_detection/bin'
[10.970s] Level 1:colcon.colcon_core.environment:checking '/home/rcv/object_detection/object_detector/install/object_detection/lib/pkgconfig/object_detection.pc'
[10.970s] Level 1:colcon.colcon_core.environment:checking '/home/rcv/object_detection/object_detector/install/object_detection/lib/python3.10/site-packages'
[10.970s] Level 1:colcon.colcon_core.environment:checking '/home/rcv/object_detection/object_detector/install/object_detection/bin'
[10.970s] INFO:colcon.colcon_core.shell:Creating package script '/home/rcv/object_detection/object_detector/install/object_detection/share/object_detection/package.ps1'
[10.971s] INFO:colcon.colcon_core.shell:Creating package descriptor '/home/rcv/object_detection/object_detector/install/object_detection/share/object_detection/package.dsv'
[10.971s] INFO:colcon.colcon_core.shell:Creating package script '/home/rcv/object_detection/object_detector/install/object_detection/share/object_detection/package.sh'
[10.971s] INFO:colcon.colcon_core.shell:Creating package script '/home/rcv/object_detection/object_detector/install/object_detection/share/object_detection/package.bash'
[10.971s] INFO:colcon.colcon_core.shell:Creating package script '/home/rcv/object_detection/object_detector/install/object_detection/share/object_detection/package.zsh'
[10.971s] Level 1:colcon.colcon_core.environment:create_file_with_runtime_dependencies(/home/rcv/object_detection/object_detector/install/object_detection/share/colcon-core/packages/object_detection)
[10.972s] DEBUG:colcon.colcon_parallel_executor.executor.parallel:closing loop
[10.972s] DEBUG:colcon.colcon_parallel_executor.executor.parallel:loop closed
[10.972s] DEBUG:colcon.colcon_parallel_executor.executor.parallel:run_until_complete finished with '0'
[10.972s] DEBUG:colcon.colcon_core.event_reactor:joining thread
[10.975s] INFO:colcon.colcon_core.plugin_system:Skipping extension 'colcon_notification.desktop_notification.terminal_notifier': Not used on non-Darwin systems
[10.975s] INFO:colcon.colcon_core.plugin_system:Skipping extension 'colcon_notification.desktop_notification.win32': Not used on non-Windows systems
[10.975s] INFO:colcon.colcon_notification.desktop_notification:Sending desktop notification using 'notify2'
[10.984s] DEBUG:colcon.colcon_core.event_reactor:joined thread
[10.984s] INFO:colcon.colcon_core.shell:Creating prefix script '/home/rcv/object_detection/object_detector/install/local_setup.ps1'
[10.985s] INFO:colcon.colcon_core.shell:Creating prefix util module '/home/rcv/object_detection/object_detector/install/_local_setup_util_ps1.py'
[10.986s] INFO:colcon.colcon_core.shell:Creating prefix chain script '/home/rcv/object_detection/object_detector/install/setup.ps1'
[10.987s] INFO:colcon.colcon_core.shell:Creating prefix script '/home/rcv/object_detection/object_detector/install/local_setup.sh'
[10.987s] INFO:colcon.colcon_core.shell:Creating prefix util module '/home/rcv/object_detection/object_detector/install/_local_setup_util_sh.py'
[10.988s] INFO:colcon.colcon_core.shell:Creating prefix chain script '/home/rcv/object_detection/object_detector/install/setup.sh'
[10.988s] INFO:colcon.colcon_core.shell:Creating prefix script '/home/rcv/object_detection/object_detector/install/local_setup.bash'
[10.988s] INFO:colcon.colcon_core.shell:Creating prefix chain script '/home/rcv/object_detection/object_detector/install/setup.bash'
[10.989s] INFO:colcon.colcon_core.shell:Creating prefix script '/home/rcv/object_detection/object_detector/install/local_setup.zsh'
[10.989s] INFO:colcon.colcon_core.shell:Creating prefix chain script '/home/rcv/object_detection/object_detector/install/setup.zsh'
